./src/
./src/index.js
./.husky/
./.husky/pre-commit
./.husky/_/
./.husky/_/.gitignore
./.husky/_/pre-auto-gc
./.husky/_/pre-commit
./.husky/_/pre-rebase
./.husky/_/husky.sh
./.husky/_/pre-push
./.husky/_/post-merge
./.husky/_/h
./.husky/_/post-rewrite
./.husky/_/prepare-commit-msg
./.husky/_/commit-msg
./.husky/_/post-commit
./.husky/_/pre-applypatch
./.husky/_/post-applypatch
./.husky/_/applypatch-msg
./.husky/_/pre-merge-commit
./.husky/_/post-checkout
./.husky/Logs/
./.husky/Logs/pre-commit.log
./.husky/Logs/validation.log
SHA256 Checksum for build-20251107174017.tgz: 521e9267cb9c19037d0d2b6c19ac9e33473f232710f17e8a6a8a4aef224dc2b4
